<?xml version="1.0" encoding="UTF-8"?>
<testsuite name="com.jojoldu.book.springboot.web.HelloControllerTest" tests="2" skipped="0" failures="0" errors="0" timestamp="2022-07-14T06:46:07" hostname="DESKTOP-8NJI2K4" time="0.178">
  <properties/>
  <testcase name="hello가_리턴된다()" classname="com.jojoldu.book.springboot.web.HelloControllerTest" time="0.088"/>
  <testcase name="helloDto가_리턴된다()" classname="com.jojoldu.book.springboot.web.HelloControllerTest" time="0.088"/>
  <system-out><![CDATA[2022-07-14 15:46:06.120  INFO 35904 --- [    Test worker] .b.t.a.w.s.WebMvcTestContextBootstrapper : Neither @ContextConfiguration nor @ContextHierarchy found for test class [com.jojoldu.book.springboot.web.HelloControllerTest], using SpringBootContextLoader
2022-07-14 15:46:06.122  INFO 35904 --- [    Test worker] o.s.t.c.support.AbstractContextLoader    : Could not detect default resource locations for test class [com.jojoldu.book.springboot.web.HelloControllerTest]: no resource found for suffixes {-context.xml, Context.groovy}.
2022-07-14 15:46:06.122  INFO 35904 --- [    Test worker] t.c.s.AnnotationConfigContextLoaderUtils : Could not detect default configuration classes for test class [com.jojoldu.book.springboot.web.HelloControllerTest]: HelloControllerTest does not declare any static, non-private, non-final, nested classes annotated with @Configuration.
2022-07-14 15:46:06.147  INFO 35904 --- [    Test worker] .b.t.c.SpringBootTestContextBootstrapper : Found @SpringBootConfiguration com.jojoldu.book.springboot.Application for test class com.jojoldu.book.springboot.web.HelloControllerTest
2022-07-14 15:46:06.148  INFO 35904 --- [    Test worker] .b.t.a.w.s.WebMvcTestContextBootstrapper : Loaded default TestExecutionListener class names from location [META-INF/spring.factories]: [org.springframework.security.test.context.support.WithSecurityContextTestExecutionListener, org.springframework.security.test.context.support.ReactorContextTestExecutionListener, org.springframework.boot.test.autoconfigure.restdocs.RestDocsTestExecutionListener, org.springframework.boot.test.autoconfigure.web.client.MockRestServiceServerResetTestExecutionListener, org.springframework.boot.test.autoconfigure.web.servlet.MockMvcPrintOnlyOnFailureTestExecutionListener, org.springframework.boot.test.autoconfigure.web.servlet.WebDriverTestExecutionListener, org.springframework.boot.test.autoconfigure.webservices.client.MockWebServiceServerTestExecutionListener, org.springframework.boot.test.mock.mockito.MockitoTestExecutionListener, org.springframework.boot.test.mock.mockito.ResetMocksTestExecutionListener, org.springframework.test.context.web.ServletTestExecutionListener, org.springframework.test.context.support.DirtiesContextBeforeModesTestExecutionListener, org.springframework.test.context.support.DependencyInjectionTestExecutionListener, org.springframework.test.context.support.DirtiesContextTestExecutionListener, org.springframework.test.context.transaction.TransactionalTestExecutionListener, org.springframework.test.context.jdbc.SqlScriptsTestExecutionListener, org.springframework.test.context.event.EventPublishingTestExecutionListener]
2022-07-14 15:46:06.149  INFO 35904 --- [    Test worker] .b.t.a.w.s.WebMvcTestContextBootstrapper : Using TestExecutionListeners: [org.springframework.test.context.web.ServletTestExecutionListener@38e100ab, org.springframework.test.context.support.DirtiesContextBeforeModesTestExecutionListener@10b36d8a, org.springframework.boot.test.mock.mockito.MockitoTestExecutionListener@318f47f1, org.springframework.boot.test.autoconfigure.SpringBootDependencyInjectionTestExecutionListener@900ffc4, org.springframework.test.context.support.DirtiesContextTestExecutionListener@39d44217, org.springframework.test.context.transaction.TransactionalTestExecutionListener@3280a79a, org.springframework.test.context.jdbc.SqlScriptsTestExecutionListener@79fbcef4, org.springframework.security.test.context.support.WithSecurityContextTestExecutionListener@770be0d0, org.springframework.test.context.event.EventPublishingTestExecutionListener@6c54d0dc, org.springframework.security.test.context.support.ReactorContextTestExecutionListener@5b5f06bb, org.springframework.boot.test.autoconfigure.restdocs.RestDocsTestExecutionListener@7c74ef4a, org.springframework.boot.test.autoconfigure.web.client.MockRestServiceServerResetTestExecutionListener@54519d74, org.springframework.boot.test.autoconfigure.web.servlet.MockMvcPrintOnlyOnFailureTestExecutionListener@1ec96512, org.springframework.boot.test.autoconfigure.web.servlet.WebDriverTestExecutionListener@3d00c2ae, org.springframework.boot.test.autoconfigure.webservices.client.MockWebServiceServerTestExecutionListener@665574fb, org.springframework.boot.test.mock.mockito.ResetMocksTestExecutionListener@3eb7ff78]

  .   ____          _            __ _ _
 /\\ / ___'_ __ _ _(_)_ __  __ _ \ \ \ \
( ( )\___ | '_ | '_| | '_ \/ _` | \ \ \ \
 \\/  ___)| |_)| | | | | || (_| |  ) ) ) )
  '  |____| .__|_| |_|_| |_\__, | / / / /
 =========|_|==============|___/=/_/_/_/
 :: Spring Boot ::                (v2.4.1)

2022-07-14 15:46:06.185  INFO 35904 --- [    Test worker] c.j.b.s.web.HelloControllerTest          : Starting HelloControllerTest using Java 17.0.2 on DESKTOP-8NJI2K4 with PID 35904 (started by YoungHwan in C:\Users\biggoony\IdeaProjects\freelec-springboot2-webservice)
2022-07-14 15:46:06.185  INFO 35904 --- [    Test worker] c.j.b.s.web.HelloControllerTest          : No active profile set, falling back to default profiles: default
2022-07-14 15:46:06.560  INFO 35904 --- [    Test worker] o.s.s.concurrent.ThreadPoolTaskExecutor  : Initializing ExecutorService 'applicationTaskExecutor'
2022-07-14 15:46:06.595  INFO 35904 --- [    Test worker] o.s.b.a.w.s.WelcomePageHandlerMapping    : Adding welcome page template: index
2022-07-14 15:46:06.954  INFO 35904 --- [    Test worker] o.s.s.web.DefaultSecurityFilterChain     : Will secure any request with [org.springframework.security.web.context.request.async.WebAsyncManagerIntegrationFilter@3ce4b0a8, org.springframework.security.web.context.SecurityContextPersistenceFilter@fffb4a8, org.springframework.security.web.header.HeaderWriterFilter@178f5b5b, org.springframework.security.web.csrf.CsrfFilter@4f66f2dd, org.springframework.security.web.authentication.logout.LogoutFilter@52d9a150, org.springframework.security.oauth2.client.web.OAuth2AuthorizationRequestRedirectFilter@282d1023, org.springframework.security.oauth2.client.web.OAuth2AuthorizationRequestRedirectFilter@505bc480, org.springframework.security.oauth2.client.web.OAuth2LoginAuthenticationFilter@7d1b96b9, org.springframework.security.web.authentication.ui.DefaultLoginPageGeneratingFilter@476a38d9, org.springframework.security.web.authentication.ui.DefaultLogoutPageGeneratingFilter@738955e6, org.springframework.security.web.savedrequest.RequestCacheAwareFilter@5dc90de7, org.springframework.security.web.servletapi.SecurityContextHolderAwareRequestFilter@3071d086, org.springframework.security.web.authentication.AnonymousAuthenticationFilter@624baf71, org.springframework.security.oauth2.client.web.OAuth2AuthorizationCodeGrantFilter@56589f00, org.springframework.security.web.session.SessionManagementFilter@47baf547, org.springframework.security.web.access.ExceptionTranslationFilter@6f87bc6c, org.springframework.security.web.access.intercept.FilterSecurityInterceptor@58d635de]
2022-07-14 15:46:07.056  INFO 35904 --- [    Test worker] o.s.b.t.m.w.SpringBootMockServletContext : Initializing Spring TestDispatcherServlet ''
2022-07-14 15:46:07.056  INFO 35904 --- [    Test worker] o.s.t.web.servlet.TestDispatcherServlet  : Initializing Servlet ''
2022-07-14 15:46:07.057  INFO 35904 --- [    Test worker] o.s.t.web.servlet.TestDispatcherServlet  : Completed initialization in 1 ms
2022-07-14 15:46:07.073  INFO 35904 --- [    Test worker] c.j.b.s.web.HelloControllerTest          : Started HelloControllerTest in 0.921 seconds (JVM running for 9.333)
]]></system-out>
  <system-err><![CDATA[]]></system-err>
</testsuite>
