<?xml version="1.0" encoding="UTF-8"?>
<testsuite name="com.jojoldu.book.springboot.web.IndexControllerTest" tests="1" skipped="0" failures="0" errors="0" timestamp="2022-07-14T10:02:37" hostname="DESKTOP-8NJI2K4" time="0.24">
  <properties/>
  <testcase name="메인페이지_로딩()" classname="com.jojoldu.book.springboot.web.IndexControllerTest" time="0.24"/>
  <system-out><![CDATA[2022-07-14 19:02:35.375  INFO 10532 --- [    Test worker] .b.t.c.SpringBootTestContextBootstrapper : Neither @ContextConfiguration nor @ContextHierarchy found for test class [com.jojoldu.book.springboot.web.IndexControllerTest], using SpringBootContextLoader
2022-07-14 19:02:35.376  INFO 10532 --- [    Test worker] o.s.t.c.support.AbstractContextLoader    : Could not detect default resource locations for test class [com.jojoldu.book.springboot.web.IndexControllerTest]: no resource found for suffixes {-context.xml, Context.groovy}.
2022-07-14 19:02:35.376  INFO 10532 --- [    Test worker] t.c.s.AnnotationConfigContextLoaderUtils : Could not detect default configuration classes for test class [com.jojoldu.book.springboot.web.IndexControllerTest]: IndexControllerTest does not declare any static, non-private, non-final, nested classes annotated with @Configuration.
2022-07-14 19:02:35.379  INFO 10532 --- [    Test worker] .b.t.c.SpringBootTestContextBootstrapper : Found @SpringBootConfiguration com.jojoldu.book.springboot.Application for test class com.jojoldu.book.springboot.web.IndexControllerTest
2022-07-14 19:02:35.381  INFO 10532 --- [    Test worker] .b.t.c.SpringBootTestContextBootstrapper : Loaded default TestExecutionListener class names from location [META-INF/spring.factories]: [org.springframework.security.test.context.support.WithSecurityContextTestExecutionListener, org.springframework.security.test.context.support.ReactorContextTestExecutionListener, org.springframework.boot.test.autoconfigure.restdocs.RestDocsTestExecutionListener, org.springframework.boot.test.autoconfigure.web.client.MockRestServiceServerResetTestExecutionListener, org.springframework.boot.test.autoconfigure.web.servlet.MockMvcPrintOnlyOnFailureTestExecutionListener, org.springframework.boot.test.autoconfigure.web.servlet.WebDriverTestExecutionListener, org.springframework.boot.test.autoconfigure.webservices.client.MockWebServiceServerTestExecutionListener, org.springframework.boot.test.mock.mockito.MockitoTestExecutionListener, org.springframework.boot.test.mock.mockito.ResetMocksTestExecutionListener, org.springframework.test.context.web.ServletTestExecutionListener, org.springframework.test.context.support.DirtiesContextBeforeModesTestExecutionListener, org.springframework.test.context.support.DependencyInjectionTestExecutionListener, org.springframework.test.context.support.DirtiesContextTestExecutionListener, org.springframework.test.context.transaction.TransactionalTestExecutionListener, org.springframework.test.context.jdbc.SqlScriptsTestExecutionListener, org.springframework.test.context.event.EventPublishingTestExecutionListener]
2022-07-14 19:02:35.382  INFO 10532 --- [    Test worker] .b.t.c.SpringBootTestContextBootstrapper : Using TestExecutionListeners: [org.springframework.test.context.web.ServletTestExecutionListener@386b4f7e, org.springframework.test.context.support.DirtiesContextBeforeModesTestExecutionListener@4c131823, org.springframework.boot.test.mock.mockito.MockitoTestExecutionListener@2453cbb7, org.springframework.boot.test.autoconfigure.SpringBootDependencyInjectionTestExecutionListener@68fb6c1e, org.springframework.test.context.support.DirtiesContextTestExecutionListener@a89dec0, org.springframework.test.context.transaction.TransactionalTestExecutionListener@5e8f1db2, org.springframework.test.context.jdbc.SqlScriptsTestExecutionListener@64bb6ba7, org.springframework.security.test.context.support.WithSecurityContextTestExecutionListener@571360b2, org.springframework.test.context.event.EventPublishingTestExecutionListener@13a8cb4e, org.springframework.security.test.context.support.ReactorContextTestExecutionListener@35ec3604, org.springframework.boot.test.autoconfigure.restdocs.RestDocsTestExecutionListener@ab5954d, org.springframework.boot.test.autoconfigure.web.client.MockRestServiceServerResetTestExecutionListener@466f7259, org.springframework.boot.test.autoconfigure.web.servlet.MockMvcPrintOnlyOnFailureTestExecutionListener@13482361, org.springframework.boot.test.autoconfigure.web.servlet.WebDriverTestExecutionListener@47c06b1a, org.springframework.boot.test.autoconfigure.webservices.client.MockWebServiceServerTestExecutionListener@61799152, org.springframework.boot.test.mock.mockito.ResetMocksTestExecutionListener@5c39da9e]

  .   ____          _            __ _ _
 /\\ / ___'_ __ _ _(_)_ __  __ _ \ \ \ \
( ( )\___ | '_ | '_| | '_ \/ _` | \ \ \ \
 \\/  ___)| |_)| | | | | || (_| |  ) ) ) )
  '  |____| .__|_| |_|_| |_\__, | / / / /
 =========|_|==============|___/=/_/_/_/
 :: Spring Boot ::                (v2.4.1)

2022-07-14 19:02:35.426  INFO 10532 --- [    Test worker] c.j.b.s.web.IndexControllerTest          : Starting IndexControllerTest using Java 17.0.2 on DESKTOP-8NJI2K4 with PID 10532 (started by YoungHwan in C:\Users\biggoony\IdeaProjects\freelec-springboot2-webservice)
2022-07-14 19:02:35.427  INFO 10532 --- [    Test worker] c.j.b.s.web.IndexControllerTest          : No active profile set, falling back to default profiles: default
2022-07-14 19:02:35.741  INFO 10532 --- [    Test worker] .s.d.r.c.RepositoryConfigurationDelegate : Bootstrapping Spring Data JPA repositories in DEFAULT mode.
2022-07-14 19:02:35.776  INFO 10532 --- [    Test worker] .s.d.r.c.RepositoryConfigurationDelegate : Finished Spring Data repository scanning in 34 ms. Found 2 JPA repository interfaces.
2022-07-14 19:02:36.229  INFO 10532 --- [    Test worker] o.s.b.w.embedded.tomcat.TomcatWebServer  : Tomcat initialized with port(s): 0 (http)
2022-07-14 19:02:36.245  INFO 10532 --- [    Test worker] o.apache.catalina.core.StandardService   : Starting service [Tomcat]
2022-07-14 19:02:36.246  INFO 10532 --- [    Test worker] org.apache.catalina.core.StandardEngine  : Starting Servlet engine: [Apache Tomcat/9.0.41]
2022-07-14 19:02:36.420  INFO 10532 --- [    Test worker] o.a.c.c.C.[Tomcat].[localhost].[/]       : Initializing Spring embedded WebApplicationContext
2022-07-14 19:02:36.421  INFO 10532 --- [    Test worker] w.s.c.ServletWebServerApplicationContext : Root WebApplicationContext: initialization completed in 990 ms
2022-07-14 19:02:36.483  INFO 10532 --- [    Test worker] com.zaxxer.hikari.HikariDataSource       : HikariPool-2 - Starting...
2022-07-14 19:02:36.484  INFO 10532 --- [    Test worker] com.zaxxer.hikari.HikariDataSource       : HikariPool-2 - Start completed.
2022-07-14 19:02:36.485  INFO 10532 --- [    Test worker] o.s.b.a.h2.H2ConsoleAutoConfiguration    : H2 console available at '/h2-console'. Database available at 'jdbc:h2:mem:testdb'
2022-07-14 19:02:36.707  INFO 10532 --- [    Test worker] o.hibernate.jpa.internal.util.LogHelper  : HHH000204: Processing PersistenceUnitInfo [name: default]
2022-07-14 19:02:36.724  INFO 10532 --- [    Test worker] org.hibernate.dialect.Dialect            : HHH000400: Using dialect: org.hibernate.dialect.MySQL57Dialect
Hibernate: drop table if exists posts
Hibernate: drop table if exists user
Hibernate: create table posts (id bigint not null auto_increment, created_date datetime(6), modified_date datetime(6), author varchar(255), content TEXT not null, title varchar(500) not null, primary key (id)) engine=InnoDB
Hibernate: create table user (id bigint not null auto_increment, created_date datetime(6), modified_date datetime(6), email varchar(255) not null, name varchar(255) not null, picture varchar(255), role varchar(255) not null, primary key (id)) engine=InnoDB
2022-07-14 19:02:36.795  INFO 10532 --- [    Test worker] o.h.e.t.j.p.i.JtaPlatformInitiator       : HHH000490: Using JtaPlatform implementation: [org.hibernate.engine.transaction.jta.platform.internal.NoJtaPlatform]
2022-07-14 19:02:36.795  INFO 10532 --- [    Test worker] j.LocalContainerEntityManagerFactoryBean : Initialized JPA EntityManagerFactory for persistence unit 'default'
2022-07-14 19:02:37.110  WARN 10532 --- [    Test worker] JpaBaseConfiguration$JpaWebConfiguration : spring.jpa.open-in-view is enabled by default. Therefore, database queries may be performed during view rendering. Explicitly configure spring.jpa.open-in-view to disable this warning
2022-07-14 19:02:37.389  INFO 10532 --- [    Test worker] o.s.s.web.DefaultSecurityFilterChain     : Will secure any request with [org.springframework.security.web.context.request.async.WebAsyncManagerIntegrationFilter@7731504, org.springframework.security.web.context.SecurityContextPersistenceFilter@6eed5b68, org.springframework.security.web.header.HeaderWriterFilter@27b89e0a, org.springframework.security.web.authentication.logout.LogoutFilter@40f88929, org.springframework.security.oauth2.client.web.OAuth2AuthorizationRequestRedirectFilter@9223122, org.springframework.security.oauth2.client.web.OAuth2LoginAuthenticationFilter@3c2b7322, org.springframework.security.web.authentication.ui.DefaultLoginPageGeneratingFilter@3a5922ec, org.springframework.security.web.authentication.ui.DefaultLogoutPageGeneratingFilter@43c25e89, org.springframework.security.web.savedrequest.RequestCacheAwareFilter@4377b35b, org.springframework.security.web.servletapi.SecurityContextHolderAwareRequestFilter@20dc2df1, org.springframework.security.web.authentication.AnonymousAuthenticationFilter@5b71ccf2, org.springframework.security.web.session.SessionManagementFilter@42bb0492, org.springframework.security.web.access.ExceptionTranslationFilter@1ca6323c, org.springframework.security.web.access.intercept.FilterSecurityInterceptor@5ac3c6cd]
2022-07-14 19:02:37.533  INFO 10532 --- [    Test worker] o.s.s.concurrent.ThreadPoolTaskExecutor  : Initializing ExecutorService 'applicationTaskExecutor'
2022-07-14 19:02:37.581  INFO 10532 --- [    Test worker] o.s.b.a.w.s.WelcomePageHandlerMapping    : Adding welcome page template: index
2022-07-14 19:02:37.883  INFO 10532 --- [    Test worker] o.s.b.w.embedded.tomcat.TomcatWebServer  : Tomcat started on port(s): 8653 (http) with context path ''
2022-07-14 19:02:37.889  INFO 10532 --- [    Test worker] s.a.ScheduledAnnotationBeanPostProcessor : No TaskScheduler/ScheduledExecutorService bean found for scheduled processing
2022-07-14 19:02:37.890  INFO 10532 --- [    Test worker] c.j.b.s.web.IndexControllerTest          : Started IndexControllerTest in 2.503 seconds (JVM running for 12.149)
2022-07-14 19:02:38.055  INFO 10532 --- [o-auto-1-exec-2] o.a.c.c.C.[Tomcat].[localhost].[/]       : Initializing Spring DispatcherServlet 'dispatcherServlet'
2022-07-14 19:02:38.055  INFO 10532 --- [o-auto-1-exec-2] o.s.web.servlet.DispatcherServlet        : Initializing Servlet 'dispatcherServlet'
2022-07-14 19:02:38.056  INFO 10532 --- [o-auto-1-exec-2] o.s.web.servlet.DispatcherServlet        : Completed initialization in 1 ms
Hibernate: select posts0_.id as id1_0_, posts0_.created_date as created_2_0_, posts0_.modified_date as modified3_0_, posts0_.author as author4_0_, posts0_.content as content5_0_, posts0_.title as title6_0_ from posts posts0_ order by posts0_.id DESC
]]></system-out>
  <system-err><![CDATA[]]></system-err>
</testsuite>
