<?xml version="1.0" encoding="UTF-8"?>
<testsuite name="com.jojoldu.book.springboot.web.HelloControllerTest" tests="2" skipped="0" failures="0" errors="0" timestamp="2022-07-14T10:02:35" hostname="DESKTOP-8NJI2K4" time="0.23">
  <properties/>
  <testcase name="hello가_리턴된다()" classname="com.jojoldu.book.springboot.web.HelloControllerTest" time="0.097"/>
  <testcase name="helloDto가_리턴된다()" classname="com.jojoldu.book.springboot.web.HelloControllerTest" time="0.132"/>
  <system-out><![CDATA[2022-07-14 19:02:33.945  INFO 10532 --- [    Test worker] .b.t.a.w.s.WebMvcTestContextBootstrapper : Neither @ContextConfiguration nor @ContextHierarchy found for test class [com.jojoldu.book.springboot.web.HelloControllerTest], using SpringBootContextLoader
2022-07-14 19:02:33.947  INFO 10532 --- [    Test worker] o.s.t.c.support.AbstractContextLoader    : Could not detect default resource locations for test class [com.jojoldu.book.springboot.web.HelloControllerTest]: no resource found for suffixes {-context.xml, Context.groovy}.
2022-07-14 19:02:33.947  INFO 10532 --- [    Test worker] t.c.s.AnnotationConfigContextLoaderUtils : Could not detect default configuration classes for test class [com.jojoldu.book.springboot.web.HelloControllerTest]: HelloControllerTest does not declare any static, non-private, non-final, nested classes annotated with @Configuration.
2022-07-14 19:02:33.970  INFO 10532 --- [    Test worker] .b.t.c.SpringBootTestContextBootstrapper : Found @SpringBootConfiguration com.jojoldu.book.springboot.Application for test class com.jojoldu.book.springboot.web.HelloControllerTest
2022-07-14 19:02:33.971  INFO 10532 --- [    Test worker] .b.t.a.w.s.WebMvcTestContextBootstrapper : Loaded default TestExecutionListener class names from location [META-INF/spring.factories]: [org.springframework.security.test.context.support.WithSecurityContextTestExecutionListener, org.springframework.security.test.context.support.ReactorContextTestExecutionListener, org.springframework.boot.test.autoconfigure.restdocs.RestDocsTestExecutionListener, org.springframework.boot.test.autoconfigure.web.client.MockRestServiceServerResetTestExecutionListener, org.springframework.boot.test.autoconfigure.web.servlet.MockMvcPrintOnlyOnFailureTestExecutionListener, org.springframework.boot.test.autoconfigure.web.servlet.WebDriverTestExecutionListener, org.springframework.boot.test.autoconfigure.webservices.client.MockWebServiceServerTestExecutionListener, org.springframework.boot.test.mock.mockito.MockitoTestExecutionListener, org.springframework.boot.test.mock.mockito.ResetMocksTestExecutionListener, org.springframework.test.context.web.ServletTestExecutionListener, org.springframework.test.context.support.DirtiesContextBeforeModesTestExecutionListener, org.springframework.test.context.support.DependencyInjectionTestExecutionListener, org.springframework.test.context.support.DirtiesContextTestExecutionListener, org.springframework.test.context.transaction.TransactionalTestExecutionListener, org.springframework.test.context.jdbc.SqlScriptsTestExecutionListener, org.springframework.test.context.event.EventPublishingTestExecutionListener]
2022-07-14 19:02:33.973  INFO 10532 --- [    Test worker] .b.t.a.w.s.WebMvcTestContextBootstrapper : Using TestExecutionListeners: [org.springframework.test.context.web.ServletTestExecutionListener@6b83ec49, org.springframework.test.context.support.DirtiesContextBeforeModesTestExecutionListener@50ad5625, org.springframework.boot.test.mock.mockito.MockitoTestExecutionListener@1d921267, org.springframework.boot.test.autoconfigure.SpringBootDependencyInjectionTestExecutionListener@1c5f6292, org.springframework.test.context.support.DirtiesContextTestExecutionListener@684a34f4, org.springframework.test.context.transaction.TransactionalTestExecutionListener@52ec5ba6, org.springframework.test.context.jdbc.SqlScriptsTestExecutionListener@5f606ab6, org.springframework.security.test.context.support.WithSecurityContextTestExecutionListener@384cd83a, org.springframework.test.context.event.EventPublishingTestExecutionListener@198a653, org.springframework.security.test.context.support.ReactorContextTestExecutionListener@3119fcad, org.springframework.boot.test.autoconfigure.restdocs.RestDocsTestExecutionListener@6d7005e2, org.springframework.boot.test.autoconfigure.web.client.MockRestServiceServerResetTestExecutionListener@33a39d7e, org.springframework.boot.test.autoconfigure.web.servlet.MockMvcPrintOnlyOnFailureTestExecutionListener@77cd1f67, org.springframework.boot.test.autoconfigure.web.servlet.WebDriverTestExecutionListener@94f79a7, org.springframework.boot.test.autoconfigure.webservices.client.MockWebServiceServerTestExecutionListener@647d3279, org.springframework.boot.test.mock.mockito.ResetMocksTestExecutionListener@4b9a1be5]

  .   ____          _            __ _ _
 /\\ / ___'_ __ _ _(_)_ __  __ _ \ \ \ \
( ( )\___ | '_ | '_| | '_ \/ _` | \ \ \ \
 \\/  ___)| |_)| | | | | || (_| |  ) ) ) )
  '  |____| .__|_| |_|_| |_\__, | / / / /
 =========|_|==============|___/=/_/_/_/
 :: Spring Boot ::                (v2.4.1)

2022-07-14 19:02:34.005  INFO 10532 --- [    Test worker] c.j.b.s.web.HelloControllerTest          : Starting HelloControllerTest using Java 17.0.2 on DESKTOP-8NJI2K4 with PID 10532 (started by YoungHwan in C:\Users\biggoony\IdeaProjects\freelec-springboot2-webservice)
2022-07-14 19:02:34.006  INFO 10532 --- [    Test worker] c.j.b.s.web.HelloControllerTest          : No active profile set, falling back to default profiles: default
2022-07-14 19:02:34.438  INFO 10532 --- [    Test worker] o.s.s.concurrent.ThreadPoolTaskExecutor  : Initializing ExecutorService 'applicationTaskExecutor'
2022-07-14 19:02:34.482  INFO 10532 --- [    Test worker] o.s.b.a.w.s.WelcomePageHandlerMapping    : Adding welcome page template: index
2022-07-14 19:02:34.923  INFO 10532 --- [    Test worker] o.s.s.web.DefaultSecurityFilterChain     : Will secure any request with [org.springframework.security.web.context.request.async.WebAsyncManagerIntegrationFilter@2e729fea, org.springframework.security.web.context.SecurityContextPersistenceFilter@56589f00, org.springframework.security.web.header.HeaderWriterFilter@7926d092, org.springframework.security.web.csrf.CsrfFilter@282d1023, org.springframework.security.web.authentication.logout.LogoutFilter@70799ca7, org.springframework.security.oauth2.client.web.OAuth2AuthorizationRequestRedirectFilter@1018552d, org.springframework.security.oauth2.client.web.OAuth2AuthorizationRequestRedirectFilter@2d2afbdf, org.springframework.security.oauth2.client.web.OAuth2LoginAuthenticationFilter@75eca6d8, org.springframework.security.web.authentication.ui.DefaultLoginPageGeneratingFilter@690113f0, org.springframework.security.web.authentication.ui.DefaultLogoutPageGeneratingFilter@1a345c6c, org.springframework.security.web.savedrequest.RequestCacheAwareFilter@3ce4b0a8, org.springframework.security.web.servletapi.SecurityContextHolderAwareRequestFilter@738955e6, org.springframework.security.web.authentication.AnonymousAuthenticationFilter@6b26839d, org.springframework.security.oauth2.client.web.OAuth2AuthorizationCodeGrantFilter@54151d07, org.springframework.security.web.session.SessionManagementFilter@58a93f51, org.springframework.security.web.access.ExceptionTranslationFilter@394a7390, org.springframework.security.web.access.intercept.FilterSecurityInterceptor@324e62e2]
2022-07-14 19:02:35.104  INFO 10532 --- [    Test worker] o.s.b.t.m.w.SpringBootMockServletContext : Initializing Spring TestDispatcherServlet ''
2022-07-14 19:02:35.105  INFO 10532 --- [    Test worker] o.s.t.web.servlet.TestDispatcherServlet  : Initializing Servlet ''
2022-07-14 19:02:35.107  INFO 10532 --- [    Test worker] o.s.t.web.servlet.TestDispatcherServlet  : Completed initialization in 1 ms
2022-07-14 19:02:35.139  INFO 10532 --- [    Test worker] c.j.b.s.web.HelloControllerTest          : Started HelloControllerTest in 1.162 seconds (JVM running for 9.398)
]]></system-out>
  <system-err><![CDATA[]]></system-err>
</testsuite>
