<?xml version="1.0" encoding="UTF-8"?>
<testsuite name="com.jojoldu.book.springboot.web.HelloControllerTest" tests="2" skipped="0" failures="0" errors="0" timestamp="2022-07-08T11:50:51" hostname="DESKTOP-8NJI2K4" time="0.099">
  <properties/>
  <testcase name="hello가_리턴된다()" classname="com.jojoldu.book.springboot.web.HelloControllerTest" time="0.033"/>
  <testcase name="helloDto가_리턴된다()" classname="com.jojoldu.book.springboot.web.HelloControllerTest" time="0.066"/>
  <system-out><![CDATA[2022-07-08 20:50:51.177  INFO 72216 --- [    Test worker] .b.t.a.w.s.WebMvcTestContextBootstrapper : Neither @ContextConfiguration nor @ContextHierarchy found for test class [com.jojoldu.book.springboot.web.HelloControllerTest], using SpringBootContextLoader
2022-07-08 20:50:51.177  INFO 72216 --- [    Test worker] o.s.t.c.support.AbstractContextLoader    : Could not detect default resource locations for test class [com.jojoldu.book.springboot.web.HelloControllerTest]: no resource found for suffixes {-context.xml, Context.groovy}.
2022-07-08 20:50:51.178  INFO 72216 --- [    Test worker] t.c.s.AnnotationConfigContextLoaderUtils : Could not detect default configuration classes for test class [com.jojoldu.book.springboot.web.HelloControllerTest]: HelloControllerTest does not declare any static, non-private, non-final, nested classes annotated with @Configuration.
2022-07-08 20:50:51.188  INFO 72216 --- [    Test worker] .b.t.c.SpringBootTestContextBootstrapper : Found @SpringBootConfiguration com.jojoldu.book.springboot.Application for test class com.jojoldu.book.springboot.web.HelloControllerTest
2022-07-08 20:50:51.189  INFO 72216 --- [    Test worker] .b.t.a.w.s.WebMvcTestContextBootstrapper : Loaded default TestExecutionListener class names from location [META-INF/spring.factories]: [org.springframework.security.test.context.support.WithSecurityContextTestExecutionListener, org.springframework.security.test.context.support.ReactorContextTestExecutionListener, org.springframework.boot.test.autoconfigure.restdocs.RestDocsTestExecutionListener, org.springframework.boot.test.autoconfigure.web.client.MockRestServiceServerResetTestExecutionListener, org.springframework.boot.test.autoconfigure.web.servlet.MockMvcPrintOnlyOnFailureTestExecutionListener, org.springframework.boot.test.autoconfigure.web.servlet.WebDriverTestExecutionListener, org.springframework.boot.test.autoconfigure.webservices.client.MockWebServiceServerTestExecutionListener, org.springframework.boot.test.mock.mockito.MockitoTestExecutionListener, org.springframework.boot.test.mock.mockito.ResetMocksTestExecutionListener, org.springframework.test.context.web.ServletTestExecutionListener, org.springframework.test.context.support.DirtiesContextBeforeModesTestExecutionListener, org.springframework.test.context.support.DependencyInjectionTestExecutionListener, org.springframework.test.context.support.DirtiesContextTestExecutionListener, org.springframework.test.context.transaction.TransactionalTestExecutionListener, org.springframework.test.context.jdbc.SqlScriptsTestExecutionListener, org.springframework.test.context.event.EventPublishingTestExecutionListener]
2022-07-08 20:50:51.190  INFO 72216 --- [    Test worker] .b.t.a.w.s.WebMvcTestContextBootstrapper : Using TestExecutionListeners: [org.springframework.test.context.web.ServletTestExecutionListener@3d2bcf0a, org.springframework.test.context.support.DirtiesContextBeforeModesTestExecutionListener@72e806, org.springframework.boot.test.mock.mockito.MockitoTestExecutionListener@270a113f, org.springframework.boot.test.autoconfigure.SpringBootDependencyInjectionTestExecutionListener@3dc976da, org.springframework.test.context.support.DirtiesContextTestExecutionListener@5e79bdf6, org.springframework.test.context.transaction.TransactionalTestExecutionListener@495c4ce7, org.springframework.test.context.jdbc.SqlScriptsTestExecutionListener@3e283f1a, org.springframework.security.test.context.support.WithSecurityContextTestExecutionListener@4821e1a3, org.springframework.test.context.event.EventPublishingTestExecutionListener@5ba4735c, org.springframework.security.test.context.support.ReactorContextTestExecutionListener@70b437bb, org.springframework.boot.test.autoconfigure.restdocs.RestDocsTestExecutionListener@f1b0658, org.springframework.boot.test.autoconfigure.web.client.MockRestServiceServerResetTestExecutionListener@4870d2e1, org.springframework.boot.test.autoconfigure.web.servlet.MockMvcPrintOnlyOnFailureTestExecutionListener@30367620, org.springframework.boot.test.autoconfigure.web.servlet.WebDriverTestExecutionListener@61ee9672, org.springframework.boot.test.autoconfigure.webservices.client.MockWebServiceServerTestExecutionListener@361065d1, org.springframework.boot.test.mock.mockito.ResetMocksTestExecutionListener@78395e28]

  .   ____          _            __ _ _
 /\\ / ___'_ __ _ _(_)_ __  __ _ \ \ \ \
( ( )\___ | '_ | '_| | '_ \/ _` | \ \ \ \
 \\/  ___)| |_)| | | | | || (_| |  ) ) ) )
  '  |____| .__|_| |_|_| |_\__, | / / / /
 =========|_|==============|___/=/_/_/_/
 :: Spring Boot ::                (v2.4.1)

2022-07-08 20:50:51.213  INFO 72216 --- [    Test worker] c.j.b.s.web.HelloControllerTest          : Starting HelloControllerTest using Java 17.0.2 on DESKTOP-8NJI2K4 with PID 72216 (started by YoungHwan in C:\Users\biggoony\IdeaProjects\freelec-springboot2-webservice)
2022-07-08 20:50:51.214  INFO 72216 --- [    Test worker] c.j.b.s.web.HelloControllerTest          : No active profile set, falling back to default profiles: default
2022-07-08 20:50:51.499  INFO 72216 --- [    Test worker] o.s.s.concurrent.ThreadPoolTaskExecutor  : Initializing ExecutorService 'applicationTaskExecutor'
2022-07-08 20:50:51.528  INFO 72216 --- [    Test worker] o.s.b.a.w.s.WelcomePageHandlerMapping    : Adding welcome page template: index
2022-07-08 20:50:51.807  INFO 72216 --- [    Test worker] o.s.s.web.DefaultSecurityFilterChain     : Will secure any request with [org.springframework.security.web.context.request.async.WebAsyncManagerIntegrationFilter@198eeb36, org.springframework.security.web.context.SecurityContextPersistenceFilter@4f20ff8e, org.springframework.security.web.header.HeaderWriterFilter@5bbd8118, org.springframework.security.web.csrf.CsrfFilter@4001a5a1, org.springframework.security.web.authentication.logout.LogoutFilter@8588a62, org.springframework.security.oauth2.client.web.OAuth2AuthorizationRequestRedirectFilter@5cb3c9e6, org.springframework.security.oauth2.client.web.OAuth2AuthorizationRequestRedirectFilter@2c855eb7, org.springframework.security.oauth2.client.web.OAuth2LoginAuthenticationFilter@55fbebba, org.springframework.security.web.authentication.ui.DefaultLoginPageGeneratingFilter@572d1f18, org.springframework.security.web.authentication.ui.DefaultLogoutPageGeneratingFilter@4690cb47, org.springframework.security.web.savedrequest.RequestCacheAwareFilter@391cc6cf, org.springframework.security.web.servletapi.SecurityContextHolderAwareRequestFilter@e9e25b5, org.springframework.security.web.authentication.AnonymousAuthenticationFilter@77d80294, org.springframework.security.oauth2.client.web.OAuth2AuthorizationCodeGrantFilter@740ef827, org.springframework.security.web.session.SessionManagementFilter@74974165, org.springframework.security.web.access.ExceptionTranslationFilter@16dc12cf, org.springframework.security.web.access.intercept.FilterSecurityInterceptor@7d2d7a85]
2022-07-08 20:50:51.864  INFO 72216 --- [    Test worker] o.s.b.t.m.w.SpringBootMockServletContext : Initializing Spring TestDispatcherServlet ''
2022-07-08 20:50:51.864  INFO 72216 --- [    Test worker] o.s.t.web.servlet.TestDispatcherServlet  : Initializing Servlet ''
2022-07-08 20:50:51.865  INFO 72216 --- [    Test worker] o.s.t.web.servlet.TestDispatcherServlet  : Completed initialization in 1 ms
2022-07-08 20:50:51.876  INFO 72216 --- [    Test worker] c.j.b.s.web.HelloControllerTest          : Started HelloControllerTest in 0.684 seconds (JVM running for 9.183)
]]></system-out>
  <system-err><![CDATA[]]></system-err>
</testsuite>
